<?xml version="1.0" encoding="UTF-8"?>
<!-- Generated by org.testng.reporters.JUnitXMLReporter -->
<testsuite ignored="1" hostname="DESKTOP-1CDS4ET" failures="0" tests="2" name="Default test" time="15.233" errors="0" timestamp="04 Oct 2021 19:33:35 GMT">
  <testcase classname="tests.GithubFlow" name="login" time="3.374"/>
  <testcase classname="tests.GithubFlow" name="deleteRepor" time="7.114"/>
  <testcase classname="tests.GithubFlow" name="createRepo" time="0.0">
    <ignored/>
  </testcase> <!-- createRepo -->
</testsuite> <!-- Default test -->
